<?xml version="1.0" encoding="utf-8" ?>
<configuration>
    <messages-config>
        <ko>
            <test-insertOk>{0} 요청정보를 성공적으로 등록하였습니다. {1}</test-insertOk>
            <test-updateOk>{0} 요청정보를 성공적으로 수정하였습니다. {1}</test-updateOk>
        </ko>
    </messages-config>
</configuration>