<?xml version="1.0" encoding="utf-8" ?>
<configuration>
    <system-config>
        <test>test</test>
        <privacyRegexp attr="주민등록번호"><![CDATA[ ([01]\\d{5}[\\-~\\.\\s][1-4]\\d{6}|[2-9]\\d{5}[\\-~\\.\\s]+[1-2]\\d{6}) ]]></privacyRegexp>
        <privacyRegexp attr="여권번호"><![CDATA[ [a-zA-Z]{2}[\\-~\\.\\s]\\d{7} ]]></privacyRegexp>
        <privacyRegexp attr="운전면허번호"><![CDATA[ \\d{2}[\\-~\\.\\s]\\d{6}[\\-~\\.\\s]\\d{2} ]]></privacyRegexp>
        <privacyRegexp attr="휴대전화번호"><![CDATA[ 01[016789][\\-~\\.\\s]\\d{3,4}[\\-~\\.\\s]\\d{4} ]]></privacyRegexp>
        <privacyRegexp attr="신용카드번호"><![CDATA[ [34569]\\d{3}[\\-~\\.\\s]\\d{4}[\\-~\\.\\s]\\d{4}[\\-~\\.\\s]\\d{4} ]]></privacyRegexp>
        <privacyRegexp attr="건강보험번호"><![CDATA[ [1257][\\-~\\.\\s]\\d{10} ]]></privacyRegexp>
        <privacyRegexp attr="은행계좌번호">
            <![CDATA[ 
            (
                \\d{2}[\\-~\\.\\s]\\d{2}[\\-~\\.\\s]\\d{6}|
                \\d{3}[\\-~\\.\\s]
                (
                    \\d{5,6}[\\-~\\.\\s]\\d{3}|
                    \\d{6}[\\-~\\.\\s]\\d{5}|
                    \\d{2,3}[\\-~\\.\\s]\\d{6}|
                    \\d{2}[\\-~\\.\\s]\\d{7}|
                    \\d{2}[\\-~\\.\\s]\\d{4,6}[\\-~\\.\\s]\\d|
                    \\d{5}[\\-~\\.\\s]\\d{3}[\\-~\\.\\s]\\d{2}
                    \\d{2}[\\-~\\.\\s]\\d{5}[\\-~\\.\\s]\\d{3}|
                    \\d{4}[\\-~\\.\\s]\\d{4}[\\-~\\.\\s]\\d{3}|
                    \\d{6}[\\-~\\.\\s]\\d{2}[\\-~\\.\\s]\\d{3}|
                    \\d{2}[\\-~\\.\\s]\\d{2}[\\-~\\.\\s]\\d{7}|
                    \\d{4}[\\-~\\.\\s]\\d{3}[\\-~\\.\\s]\\d{6}|
                    \\d{2}[\\-~\\.\\s]\\d{6}[\\-~\\.\\s]\\d
                )|
                \\d{5}[\\-~\\.\\s]\\d{2}[\\-~\\.\\s]\\d{6}|
                \\d{6}[\\-~\\.\\s]\\d{2}[\\-~\\.\\s]\\d{5,6}
            )
            ]]>
        </privacyRegexp>

        <!-- 자동생성시 비밀번호 기본 길이 -->
        <defaultPasswdLength>12</defaultPasswdLength>
        <!-- 비밀번호 사용가능 문자 집합 (비밀번호 자동생성시 사용됨) '\' 문자는 특수문자 변환문자임 -->
        <passwdChars>
            <chars>abcdefghijklmnopqrstuvwxyzABCDEFGHIJKLMNOPQRSTUVWXYZ</chars>
            <numbers>0123456789</numbers>
            <specials><![CDATA[~!@#$%^&*]]></specials>
        </passwdChars>

    </system-config>
</configuration>